
日志时间：2020-06-14 10:03:08,300 [5] 
日志级别：INFO  
ShangHaiYb.SendRcv4
入参:{"message":{"jysj":"2020-06-08 08:22:25","xxlxm":"S000","xxfhm":"","fhxx":"","bbh":"","msgid":"4250483090020200608000036617","xzqhdm":"","jgdm":"42504830900","czybm":"1210924","czyxm":"舒建良","xxnr":{},"jyqd":"10","jyyzm":"","zdjbhs":""}} 
 
日志时间：2020-06-14 10:03:08,368 [5] 
日志级别：ERROR 
调用上海医保动态库异常 
 System.IO.DirectoryNotFoundException: 未能找到路径“E:\MySpace\GitHub\WebRunLocal\WebRunLocal\bin\Debug\Plugins\Shanghaiyb”的一部分。
   在 System.IO.__Error.WinIOError(Int32 errorCode, String maybeFullPath)
   在 System.IO.Directory.SetCurrentDirectory(String path)
   在 WebRunLocal.Controllers.ShangHaiYbController.SendRcv4(Object message) 位置 E:\MySpace\GitHub\WebRunLocal\WebRunLocal\Controllers\ShangHaiYbController.cs:行号 45

日志时间：2020-06-14 10:03:08,382 [5] 
日志级别：INFO  
ShangHaiYb.SendRcv4
出参:{
  "xxfhm": "500",
  "fhxx": "调用医保动态库失败,原因:未能找到路径“E:\\MySpace\\GitHub\\WebRunLocal\\WebRunLocal\\bin\\Debug\\Plugins\\Shanghaiyb”的一部分。"
} 
 
日志时间：2020-06-14 10:03:23,888 [5] 
日志级别：INFO  
ShangHaiYb.SendRcv4
入参:{"message":{"jysj":"2020-06-08 08:22:25","xxlxm":"S000","xxfhm":"","fhxx":"","bbh":"","msgid":"4250483090020200608000036617","xzqhdm":"","jgdm":"42504830900","czybm":"1210924","czyxm":"舒建良","xxnr":{},"jyqd":"10","jyyzm":"","zdjbhs":""}} 
 
日志时间：2020-06-14 10:03:23,903 [5] 
日志级别：ERROR 
调用上海医保动态库异常 
 System.IO.DirectoryNotFoundException: 未能找到路径“E:\MySpace\GitHub\WebRunLocal\WebRunLocal\bin\Debug\Plugins\Shanghaiyb”的一部分。
   在 System.IO.__Error.WinIOError(Int32 errorCode, String maybeFullPath)
   在 System.IO.Directory.SetCurrentDirectory(String path)
   在 WebRunLocal.Controllers.ShangHaiYbController.SendRcv4(Object message) 位置 E:\MySpace\GitHub\WebRunLocal\WebRunLocal\Controllers\ShangHaiYbController.cs:行号 45

日志时间：2020-06-14 10:03:23,904 [5] 
日志级别：INFO  
ShangHaiYb.SendRcv4
出参:{
  "xxfhm": "500",
  "fhxx": "调用医保动态库失败,原因:未能找到路径“E:\\MySpace\\GitHub\\WebRunLocal\\WebRunLocal\\bin\\Debug\\Plugins\\Shanghaiyb”的一部分。"
} 
 